<?xml version="1.0" encoding="UTF-8"?>
<!-- Generated by org.testng.reporters.JUnitReportReporter -->
<testsuite hostname="PriyeshLaptop" failures="0" tests="3" name="com.crm.qa.testcases.ContactsPageTest" time="54.267" errors="0" timestamp="2021-04-02T17:51:17 IST" skipped="1">
  <testcase classname="com.crm.qa.testcases.ContactsPageTest" name="verifyContactPageLabel" time="24.592"/>
  <system-out/>
  <testcase classname="com.crm.qa.testcases.ContactsPageTest" name="selectContactsText" time="29.675"/>
  <system-out/>
  <testcase classname="com.crm.qa.testcases.ContactsPageTest" name="validateCreateNewContact" time="0.000">
    <skipped/>
  </testcase> <!-- validateCreateNewContact -->
  <system-out/>
</testsuite> <!-- com.crm.qa.testcases.ContactsPageTest -->
